# JRE version: OpenJDK Runtime Environment Corretto-17.0.4.8.1 (17.0.4+8) (build 17.0.4+8-LTS)
# Java VM: OpenJDK 64-Bit Server VM Corretto-17.0.4.8.1 (17.0.4+8-LTS, mixed mode, sharing, tiered, compressed oops, compressed class ptrs, g1 gc, windows-amd64)
GC Precious Log:
 CPUs: 8 total, 8 available
 Memory: 20152M
 Large Page Support: Disabled
 NUMA Support: Disabled
 Compressed Oops: Enabled (Zero based)
 Heap Region Size: 4M
 Heap Min Capacity: 8M
 Heap Initial Capacity: 316M
 Heap Max Capacity: 5040M
 Pre-touch: Disabled
 Parallel Workers: 8
 Concurrent Workers: 2
 Concurrent Refinement Workers: 8
 Periodic GC: Disabled
Heap:
 garbage-first heap   total 1380352K, used 993325K [0x00000006c5000000, 0x0000000800000000)
  region size 4096K, 143 young (585728K), 6 survivors (24576K)
 Metaspace       used 100665K, committed 102080K, reserved 1138688K
  class space    used 13804K, committed 14464K, reserved 1048576K
GC Heap History (20 events):
Event: 32.576 GC heap before
{Heap before GC invocations=81 (full 0):
 garbage-first heap   total 2162688K, used 1502118K [0x00000006c5000000, 0x0000000800000000)
  region size 4096K, 311 young (1273856K), 21 survivors (86016K)
 Metaspace       used 87996K, committed 89216K, reserved 1130496K
  class space    used 12347K, committed 12928K, reserved 1048576K
}
Event: 32.630 GC heap after
{Heap after GC invocations=82 (full 0):
 garbage-first heap   total 2162688K, used 391957K [0x00000006c5000000, 0x0000000800000000)
  region size 4096K, 37 young (151552K), 37 survivors (151552K)
 Metaspace       used 87996K, committed 89216K, reserved 1130496K
  class space    used 12347K, committed 12928K, reserved 1048576K
}
Event: 38.471 GC heap before
{Heap before GC invocations=83 (full 0):
 garbage-first heap   total 1380352K, used 1063701K [0x00000006c5000000, 0x0000000800000000)
  region size 4096K, 202 young (827392K), 37 survivors (151552K)
 Metaspace       used 98512K, committed 99904K, reserved 1138688K
  class space    used 13691K, committed 14336K, reserved 1048576K
}
Event: 38.533 GC heap after
{Heap after GC invocations=84 (full 0):
 garbage-first heap   total 1380352K, used 420234K [0x00000006c5000000, 0x0000000800000000)
  region size 4096K, 18 young (73728K), 18 survivors (73728K)
 Metaspace       used 98512K, committed 99904K, reserved 1138688K
  class space    used 13691K, committed 14336K, reserved 1048576K
}
Event: 38.540 GC heap before
{Heap before GC invocations=84 (full 0):
 garbage-first heap   total 1380352K, used 424330K [0x00000006c5000000, 0x0000000800000000)
  region size 4096K, 19 young (77824K), 18 survivors (73728K)
 Metaspace       used 98513K, committed 99904K, reserved 1138688K
  class space    used 13691K, committed 14336K, reserved 1048576K
}
Event: 38.556 GC heap after
{Heap after GC invocations=85 (full 0):
 garbage-first heap   total 1380352K, used 426453K [0x00000006c5000000, 0x0000000800000000)
  region size 4096K, 3 young (12288K), 3 survivors (12288K)
 Metaspace       used 98513K, committed 99904K, reserved 1138688K
  class space    used 13691K, committed 14336K, reserved 1048576K
}
Event: 40.109 GC heap before
{Heap before GC invocations=85 (full 0):
 garbage-first heap   total 1380352K, used 1077717K [0x00000006c5000000, 0x0000000800000000)
  region size 4096K, 162 young (663552K), 3 survivors (12288K)
 Metaspace       used 99127K, committed 100544K, reserved 1138688K
  class space    used 13738K, committed 14400K, reserved 1048576K
}
Event: 40.118 GC heap after
{Heap after GC invocations=86 (full 0):
 garbage-first heap   total 1380352K, used 431668K [0x00000006c5000000, 0x0000000800000000)
  region size 4096K, 5 young (20480K), 5 survivors (20480K)
 Metaspace       used 99127K, committed 100544K, reserved 1138688K
  class space    used 13738K, committed 14400K, reserved 1048576K
}
Event: 41.319 GC heap before
{Heap before GC invocations=86 (full 0):
 garbage-first heap   total 1380352K, used 1099316K [0x00000006c5000000, 0x0000000800000000)
  region size 4096K, 168 young (688128K), 5 survivors (20480K)
 Metaspace       used 99408K, committed 100800K, reserved 1138688K
  class space    used 13757K, committed 14400K, reserved 1048576K
}
Event: 41.325 GC heap after
{Heap after GC invocations=87 (full 0):
 garbage-first heap   total 1380352K, used 434009K [0x00000006c5000000, 0x0000000800000000)
  region size 4096K, 5 young (20480K), 5 survivors (20480K)
 Metaspace       used 99408K, committed 100800K, reserved 1138688K
  class space    used 13757K, committed 14400K, reserved 1048576K
}
Event: 47.757 GC heap before
{Heap before GC invocations=87 (full 0):
 garbage-first heap   total 1380352K, used 1122137K [0x00000006c5000000, 0x0000000800000000)
  region size 4096K, 173 young (708608K), 5 survivors (20480K)
 Metaspace       used 100101K, committed 101568K, reserved 1138688K
  class space    used 13771K, committed 14464K, reserved 1048576K
}
Event: 47.767 GC heap after
{Heap after GC invocations=88 (full 0):
 garbage-first heap   total 1380352K, used 434445K [0x00000006c5000000, 0x0000000800000000)
  region size 4096K, 5 young (20480K), 5 survivors (20480K)
 Metaspace       used 100101K, committed 101568K, reserved 1138688K
  class space    used 13771K, committed 14464K, reserved 1048576K
}
Event: 55.047 GC heap before
{Heap before GC invocations=88 (full 0):
 garbage-first heap   total 1380352K, used 1143053K [0x00000006c5000000, 0x0000000800000000)
  region size 4096K, 178 young (729088K), 5 survivors (20480K)
 Metaspace       used 100413K, committed 101888K, reserved 1138688K
  class space    used 13773K, committed 14464K, reserved 1048576K
}
Event: 55.057 GC heap after
{Heap after GC invocations=89 (full 0):
 garbage-first heap   total 1380352K, used 434768K [0x00000006c5000000, 0x0000000800000000)
  region size 4096K, 5 young (20480K), 5 survivors (20480K)
 Metaspace       used 100413K, committed 101888K, reserved 1138688K
  class space    used 13773K, committed 14464K, reserved 1048576K
}
Event: 60.477 GC heap before
{Heap before GC invocations=89 (full 0):
 garbage-first heap   total 1380352K, used 1159760K [0x00000006c5000000, 0x0000000800000000)
  region size 4096K, 182 young (745472K), 5 survivors (20480K)
 Metaspace       used 100477K, committed 101952K, reserved 1138688K
  class space    used 13773K, committed 14464K, reserved 1048576K
}
Event: 60.488 GC heap after
{Heap after GC invocations=90 (full 0):
 garbage-first heap   total 1380352K, used 436138K [0x00000006c5000000, 0x0000000800000000)
  region size 4096K, 6 young (24576K), 6 survivors (24576K)
 Metaspace       used 100477K, committed 101952K, reserved 1138688K
  class space    used 13773K, committed 14464K, reserved 1048576K
}
Event: 77.608 GC heap before
{Heap before GC invocations=90 (full 0):
 garbage-first heap   total 1380352K, used 1173418K [0x00000006c5000000, 0x0000000800000000)
  region size 4096K, 186 young (761856K), 6 survivors (24576K)
 Metaspace       used 100570K, committed 102080K, reserved 1138688K
  class space    used 13783K, committed 14464K, reserved 1048576K
}
Event: 77.621 GC heap after
{Heap after GC invocations=91 (full 0):
 garbage-first heap   total 1380352K, used 436236K [0x00000006c5000000, 0x0000000800000000)
  region size 4096K, 6 young (24576K), 6 survivors (24576K)
 Metaspace       used 100570K, committed 102080K, reserved 1138688K
  class space    used 13783K, committed 14464K, reserved 1048576K
}
Event: 104.460 GC heap before
{Heap before GC invocations=91 (full 0):
 garbage-first heap   total 1380352K, used 1181708K [0x00000006c5000000, 0x0000000800000000)
  region size 4096K, 188 young (770048K), 6 survivors (24576K)
 Metaspace       used 100570K, committed 102080K, reserved 1138688K
  class space    used 13783K, committed 14464K, reserved 1048576K
}
Event: 104.481 GC heap after
{Heap after GC invocations=92 (full 0):
 garbage-first heap   total 1380352K, used 436269K [0x00000006c5000000, 0x0000000800000000)
  region size 4096K, 6 young (24576K), 6 survivors (24576K)
 Metaspace       used 100570K, committed 102080K, reserved 1138688K
  class space    used 13783K, committed 14464K, reserved 1048576K
}

